0 info it worked if it ends with ok
1 verbose cli [ '/usr/local/Cellar/node/6.5.0/bin/node',
1 verbose cli   '/usr/local/bin/npm',
1 verbose cli   'i',
1 verbose cli   '--save-dev',
1 verbose cli   'eslint',
1 verbose cli   'eslint-config-google' ]
2 info using npm@3.10.6
3 info using node@v6.5.0
4 silly loadCurrentTree Starting
5 silly install loadCurrentTree
6 silly install readLocalPackageData
7 silly fetchPackageMetaData eslint
8 silly fetchPackageMetaData eslint-config-google
9 silly fetchNamedPackageData eslint
10 silly mapToRegistry name eslint
11 silly mapToRegistry using default registry
12 silly mapToRegistry registry https://registry.npmjs.org/
13 silly mapToRegistry data Result {
13 silly mapToRegistry   raw: 'eslint',
13 silly mapToRegistry   scope: null,
13 silly mapToRegistry   escapedName: 'eslint',
13 silly mapToRegistry   name: 'eslint',
13 silly mapToRegistry   rawSpec: '',
13 silly mapToRegistry   spec: 'latest',
13 silly mapToRegistry   type: 'tag' }
14 silly mapToRegistry uri https://registry.npmjs.org/eslint
15 silly fetchNamedPackageData eslint-config-google
16 silly mapToRegistry name eslint-config-google
17 silly mapToRegistry using default registry
18 silly mapToRegistry registry https://registry.npmjs.org/
19 silly mapToRegistry data Result {
19 silly mapToRegistry   raw: 'eslint-config-google',
19 silly mapToRegistry   scope: null,
19 silly mapToRegistry   escapedName: 'eslint-config-google',
19 silly mapToRegistry   name: 'eslint-config-google',
19 silly mapToRegistry   rawSpec: '',
19 silly mapToRegistry   spec: 'latest',
19 silly mapToRegistry   type: 'tag' }
20 silly mapToRegistry uri https://registry.npmjs.org/eslint-config-google
21 verbose request uri https://registry.npmjs.org/eslint-config-google
22 verbose request no auth needed
23 info attempt registry request try #1 at 5:14:01 PM
24 verbose request id 5a76e81e4a19cbf8
25 http request GET https://registry.npmjs.org/eslint-config-google
26 verbose request uri https://registry.npmjs.org/eslint
27 verbose request no auth needed
28 info attempt registry request try #1 at 5:14:01 PM
29 verbose etag "E77XD9T9OJJZF97Y8NL38AVA"
30 http request GET https://registry.npmjs.org/eslint
31 http 304 https://registry.npmjs.org/eslint
32 verbose headers { date: 'Sat, 10 Sep 2016 21:13:56 GMT',
32 verbose headers   via: '1.1 varnish',
32 verbose headers   'cache-control': 'max-age=300',
32 verbose headers   etag: '"E77XD9T9OJJZF97Y8NL38AVA"',
32 verbose headers   age: '0',
32 verbose headers   connection: 'keep-alive',
32 verbose headers   'x-served-by': 'cache-iad2148-IAD',
32 verbose headers   'x-cache': 'HIT',
32 verbose headers   'x-cache-hits': '1',
32 verbose headers   'x-timer': 'S1473542036.449385,VS0,VE15',
32 verbose headers   vary: 'Accept-Encoding' }
33 silly get cb [ 304,
33 silly get   { date: 'Sat, 10 Sep 2016 21:13:56 GMT',
33 silly get     via: '1.1 varnish',
33 silly get     'cache-control': 'max-age=300',
33 silly get     etag: '"E77XD9T9OJJZF97Y8NL38AVA"',
33 silly get     age: '0',
33 silly get     connection: 'keep-alive',
33 silly get     'x-served-by': 'cache-iad2148-IAD',
33 silly get     'x-cache': 'HIT',
33 silly get     'x-cache-hits': '1',
33 silly get     'x-timer': 'S1473542036.449385,VS0,VE15',
33 silly get     vary: 'Accept-Encoding' } ]
34 verbose etag https://registry.npmjs.org/eslint from cache
35 verbose get saving eslint to /Users/js/.npm/registry.npmjs.org/eslint/.cache.json
36 verbose correctMkdir /Users/js/.npm correctMkdir not in flight; initializing
37 http 200 https://registry.npmjs.org/eslint-config-google
38 verbose headers { server: 'CouchDB/1.5.0 (Erlang OTP/R16B03)',
38 verbose headers   etag: '"9LP2QANCY5Y4GEI9DOW9GM2GL"',
38 verbose headers   'content-type': 'application/json',
38 verbose headers   'content-encoding': 'gzip',
38 verbose headers   'cache-control': 'max-age=300',
38 verbose headers   'content-length': '2377',
38 verbose headers   'accept-ranges': 'bytes',
38 verbose headers   date: 'Sat, 10 Sep 2016 21:13:56 GMT',
38 verbose headers   via: '1.1 varnish',
38 verbose headers   age: '36',
38 verbose headers   connection: 'keep-alive',
38 verbose headers   'x-served-by': 'cache-iad2629-IAD',
38 verbose headers   'x-cache': 'HIT',
38 verbose headers   'x-cache-hits': '1',
38 verbose headers   'x-timer': 'S1473542036.452435,VS0,VE0',
38 verbose headers   vary: 'Accept-Encoding' }
39 silly get cb [ 200,
39 silly get   { server: 'CouchDB/1.5.0 (Erlang OTP/R16B03)',
39 silly get     etag: '"9LP2QANCY5Y4GEI9DOW9GM2GL"',
39 silly get     'content-type': 'application/json',
39 silly get     'content-encoding': 'gzip',
39 silly get     'cache-control': 'max-age=300',
39 silly get     'content-length': '2377',
39 silly get     'accept-ranges': 'bytes',
39 silly get     date: 'Sat, 10 Sep 2016 21:13:56 GMT',
39 silly get     via: '1.1 varnish',
39 silly get     age: '36',
39 silly get     connection: 'keep-alive',
39 silly get     'x-served-by': 'cache-iad2629-IAD',
39 silly get     'x-cache': 'HIT',
39 silly get     'x-cache-hits': '1',
39 silly get     'x-timer': 'S1473542036.452435,VS0,VE0',
39 silly get     vary: 'Accept-Encoding' } ]
40 verbose get saving eslint-config-google to /Users/js/.npm/registry.npmjs.org/eslint-config-google/.cache.json
41 verbose correctMkdir /Users/js/.npm correctMkdir not in flight; initializing
42 silly install normalizeTree
43 silly loadCurrentTree Finishing
44 silly loadIdealTree Starting
45 silly install loadIdealTree
46 silly cloneCurrentTree Starting
47 silly install cloneCurrentTreeToIdealTree
48 silly cloneCurrentTree Finishing
49 silly loadShrinkwrap Starting
50 silly install loadShrinkwrap
51 silly loadShrinkwrap Finishing
52 silly loadAllDepsIntoIdealTree Starting
53 silly install loadAllDepsIntoIdealTree
54 silly rollbackFailedOptional Starting
55 silly rollbackFailedOptional Finishing
56 silly runTopLevelLifecycles Starting
57 silly runTopLevelLifecycles Finishing
58 silly install printInstalled
59 verbose stack Error: Refusing to install eslint as a dependency of itself
59 verbose stack     at checkSelf (/usr/local/lib/node_modules/npm/lib/install/validate-args.js:53:14)
59 verbose stack     at Array.<anonymous> (/usr/local/lib/node_modules/npm/node_modules/slide/lib/bind-actor.js:15:8)
59 verbose stack     at LOOP (/usr/local/lib/node_modules/npm/node_modules/slide/lib/chain.js:15:14)
59 verbose stack     at chain (/usr/local/lib/node_modules/npm/node_modules/slide/lib/chain.js:20:5)
59 verbose stack     at /usr/local/lib/node_modules/npm/lib/install/validate-args.js:16:5
59 verbose stack     at /usr/local/lib/node_modules/npm/node_modules/slide/lib/async-map.js:52:35
59 verbose stack     at Array.forEach (native)
59 verbose stack     at /usr/local/lib/node_modules/npm/node_modules/slide/lib/async-map.js:52:11
59 verbose stack     at Array.forEach (native)
59 verbose stack     at asyncMap (/usr/local/lib/node_modules/npm/node_modules/slide/lib/async-map.js:51:8)
60 verbose cwd /Users/js/Dropbox/projects/Local-Weather
61 error Darwin 15.6.0
62 error argv "/usr/local/Cellar/node/6.5.0/bin/node" "/usr/local/bin/npm" "i" "--save-dev" "eslint" "eslint-config-google"
63 error node v6.5.0
64 error npm  v3.10.6
65 error code ENOSELF
66 error Refusing to install eslint as a dependency of itself
67 error If you need help, you may report this error at:
67 error     <https://github.com/npm/npm/issues>
68 verbose exit [ 1, true ]
